           _                 _    
  __ _  __| |_ __ __ _ _ __ | |_  
 / _` |/ _` | '__/ _` | '_ \| __| 
| (_| | (_| | | | (_| | | | | |_  
 \__, |\__,_|_|  \__,_|_| |_|\__| 
    |_|                           

Version: 1.11.4, build: d8b6e4a0
Access web UI at http://localhost:6333/dashboard

2024-09-25T10:09:17.480954Z  INFO storage::content_manager::consensus::persistent: Loading raft state from ./storage/raft_state.json    
2024-09-25T10:09:17.483456Z DEBUG storage::content_manager::consensus::persistent: State: Persistent { state: RaftState { hard_state: HardState { term: 0, vote: 0, commit: 0 }, conf_state: ConfState { voters: [7400341271156486], learners: [], voters_outgoing: [], learners_next: [], auto_leave: false } }, latest_snapshot_meta: SnapshotMetadataSer { term: 0, index: 0 }, apply_progress_queue: EntryApplyProgressQueue(None), peer_address_by_id: RwLock { data: {} }, peer_metadata_by_id: RwLock { data: {} }, cluster_metadata: {}, this_peer_id: 7400341271156486, path: "./storage/raft_state.json", dirty: false }    
2024-09-25T10:09:17.504054Z  INFO storage::content_manager::toc: Loading collection: default    
2024-09-25T10:09:17.749691Z  INFO collection::shards::local_shard: Recovering collection default: 0/1 (0%)    
2024-09-25T10:09:17.855346Z  INFO collection::shards::local_shard: Recovered collection default: 1/1 (100%)    
2024-09-25T10:09:17.871555Z DEBUG qdrant: Loaded collection: default    
2024-09-25T10:09:17.872049Z  INFO qdrant: Distributed mode disabled    
2024-09-25T10:09:17.872882Z  INFO qdrant: Telemetry reporting disabled    
2024-09-25T10:09:17.875184Z DEBUG qdrant: Waiting for thread web to finish    
2024-09-25T10:09:17.877200Z  WARN qdrant::actix::web_ui: Static content folder for Web UI './static' does not exist    
2024-09-25T10:09:17.878639Z  INFO qdrant::actix: TLS disabled for REST API    
2024-09-25T10:09:17.879502Z  INFO qdrant::actix: Qdrant HTTP listening on 6333    
2024-09-25T10:09:17.880457Z  INFO actix_server::builder: Starting 7 workers
2024-09-25T10:09:17.880950Z  INFO actix_server::server: Actix runtime found; starting in Actix runtime
2024-09-25T10:09:17.885851Z  INFO qdrant::tonic: Qdrant gRPC listening on 6334    
2024-09-25T10:09:17.885884Z  INFO qdrant::tonic: TLS disabled for gRPC API    
2024-09-25T10:09:27.459531Z  INFO storage::content_manager::toc::collection_meta_ops: Deleting collection default    
2024-09-25T10:09:27.463589Z DEBUG collection::update_handler: Stopping flush worker.    
2024-09-25T10:09:27.484956Z  INFO actix_web::middleware::logger: 127.0.0.1 "DELETE /collections/default HTTP/1.1" 200 48 "-" "curl/7.81.0" 0.030824    
2024-09-25T10:09:43.691370Z DEBUG storage::content_manager::snapshots::recover: Downloading snapshot from file:///home/yrt/gaianet/qdrant/snapshots/default/default.snapshot to /home/yrt/gaianet/qdrant/./snapshots/tmp/download-03rAYS    
2024-09-25T10:09:43.691973Z DEBUG storage::content_manager::snapshots::recover: Snapshot downloaded to /home/yrt/gaianet/qdrant/snapshots/default/default.snapshot    
2024-09-25T10:09:43.693168Z DEBUG storage::content_manager::snapshots::recover: Recovering collection default from snapshot /home/yrt/gaianet/qdrant/snapshots/default/default.snapshot    
2024-09-25T10:09:43.693175Z DEBUG storage::content_manager::snapshots::recover: Unpacking snapshot to /home/yrt/gaianet/qdrant/./storage/tmp/col-default-recovery-fh6tQq    
2024-09-25T10:09:48.317093Z DEBUG storage::content_manager::snapshots::recover: Collection default does not exist, creating it    
2024-09-25T10:09:48.320560Z  INFO storage::content_manager::toc::collection_meta_ops: Creating collection default    
2024-09-25T10:09:49.158129Z DEBUG collection::collection: Changing shard default:0 replica state from Some(Initializing) to Active    
2024-09-25T10:09:49.158817Z DEBUG collection::shards::replica_set: Changing local shard default:0 state from Some(Initializing) to Active    
2024-09-25T10:09:49.175252Z DEBUG storage::content_manager::snapshots::recover: Recovering shard 0 from /home/yrt/gaianet/qdrant/./storage/tmp/col-default-recovery-fh6tQq/0    
2024-09-25T10:09:49.178310Z DEBUG collection::update_handler: Stopping flush worker.    
2024-09-25T10:09:49.540388Z  INFO collection::shards::local_shard: Recovering collection default: 0/14 (0%)    
2024-09-25T10:09:49.704547Z  INFO collection::shards::local_shard: Recovered collection default: 14/14 (100%)    
2024-09-25T10:09:49.710121Z DEBUG storage::content_manager::snapshots::recover: Activating shard 0 of collection default locally    
2024-09-25T10:09:49.710215Z DEBUG collection::collection: Changing shard default:0 replica state from Some(Active) to Active    
2024-09-25T10:09:49.710244Z DEBUG collection::shards::replica_set: Changing local shard default:0 state from Some(Active) to Active    
2024-09-25T10:09:49.741244Z  INFO actix_web::middleware::logger: 127.0.0.1 "POST /collections/default/snapshots/upload?priority=snapshot HTTP/1.1" 200 48 "-" "curl/7.81.0" 6.768611    
2024-09-25T10:09:54.796879Z DEBUG qdrant::tonic: Stopping gRPC service on SIGTERM    
2024-09-25T10:09:54.796917Z  INFO actix_server::server: SIGTERM received; starting graceful shutdown
2024-09-25T10:09:54.797467Z  INFO actix_server::worker: Shutting down idle worker
2024-09-25T10:09:54.797486Z  INFO actix_server::worker: Shutting down idle worker
2024-09-25T10:09:54.797497Z  INFO actix_server::worker: Shutting down idle worker
2024-09-25T10:09:54.797518Z  INFO actix_server::worker: Shutting down idle worker
2024-09-25T10:09:54.797519Z DEBUG actix_server::accept: Paused accepting connections on 127.0.0.1:6333
2024-09-25T10:09:54.797567Z  INFO actix_server::accept: Accept thread stopped
2024-09-25T10:09:54.797566Z  INFO actix_server::worker: Shutting down idle worker
2024-09-25T10:09:54.797534Z  INFO actix_server::worker: Shutting down idle worker
2024-09-25T10:09:54.797528Z  INFO actix_server::worker: Shutting down idle worker
2024-09-25T10:09:55.105595Z DEBUG qdrant: Waiting for thread grpc to finish    
2024-09-25T10:09:55.107724Z DEBUG collection::update_handler: Stopping flush worker.    
