           _                 _    
  __ _  __| |_ __ __ _ _ __ | |_  
 / _` |/ _` | '__/ _` | '_ \| __| 
| (_| | (_| | | | (_| | | | | |_  
 \__, |\__,_|_|  \__,_|_| |_|\__| 
    |_|                           

Version: 1.11.4, build: d8b6e4a0
Access web UI at http://localhost:6333/dashboard

2024-09-25T10:10:46.322689Z  INFO storage::content_manager::consensus::persistent: Loading raft state from ./storage/raft_state.json    
2024-09-25T10:10:46.322845Z DEBUG storage::content_manager::consensus::persistent: State: Persistent { state: RaftState { hard_state: HardState { term: 0, vote: 0, commit: 0 }, conf_state: ConfState { voters: [7400341271156486], learners: [], voters_outgoing: [], learners_next: [], auto_leave: false } }, latest_snapshot_meta: SnapshotMetadataSer { term: 0, index: 0 }, apply_progress_queue: EntryApplyProgressQueue(None), peer_address_by_id: RwLock { data: {} }, peer_metadata_by_id: RwLock { data: {} }, cluster_metadata: {}, this_peer_id: 7400341271156486, path: "./storage/raft_state.json", dirty: false }    
2024-09-25T10:10:46.335112Z  INFO storage::content_manager::toc: Loading collection: default    
2024-09-25T10:10:46.660477Z  INFO collection::shards::local_shard: Recovering collection default: 0/1 (0%)    
2024-09-25T10:10:46.773838Z  INFO collection::shards::local_shard: Recovered collection default: 1/1 (100%)    
2024-09-25T10:10:46.778959Z DEBUG qdrant: Loaded collection: default    
2024-09-25T10:10:46.779005Z  INFO qdrant: Distributed mode disabled    
2024-09-25T10:10:46.779100Z  INFO qdrant: Telemetry reporting disabled    
2024-09-25T10:10:46.780006Z DEBUG qdrant: Waiting for thread web to finish    
2024-09-25T10:10:46.780920Z  WARN qdrant::actix::web_ui: Static content folder for Web UI './static' does not exist    
2024-09-25T10:10:46.781361Z  INFO qdrant::actix: TLS disabled for REST API    
2024-09-25T10:10:46.781563Z  INFO qdrant::actix: Qdrant HTTP listening on 6333    
2024-09-25T10:10:46.781625Z  INFO actix_server::builder: Starting 7 workers
2024-09-25T10:10:46.781671Z  INFO actix_server::server: Actix runtime found; starting in Actix runtime
2024-09-25T10:10:46.785216Z  INFO qdrant::tonic: Qdrant gRPC listening on 6334    
2024-09-25T10:10:46.785241Z  INFO qdrant::tonic: TLS disabled for gRPC API    
2024-09-25T10:11:02.161927Z  INFO actix_web::middleware::logger: 127.0.0.1 "POST /collections/default/points/search HTTP/1.1" 200 45 "-" "-" 0.016272    
2024-09-25T10:12:34.967049Z  INFO actix_web::middleware::logger: 127.0.0.1 "POST /collections/default/points/search HTTP/1.1" 200 29751 "-" "-" 0.046594    
2024-09-25T11:19:56.942479Z  INFO actix_web::middleware::logger: 127.0.0.1 "POST /collections/default/points/search HTTP/1.1" 200 46 "-" "-" 0.100720    
